<?xml version="1.0" encoding="UTF-8"?>
<testng-results ignored="1" total="3" passed="2" failed="0" skipped="0">
  <reporter-output>
  </reporter-output>
  <suite started-at="2023-01-21T15:33:19 IST" name="Default suite" finished-at="2023-01-21T15:33:19 IST" duration-ms="112">
    <groups>
    </groups>
    <test started-at="2023-01-21T15:33:19 IST" name="Default test" finished-at="2023-01-21T15:33:19 IST" duration-ms="112">
      <class name="NewTest">
        <test-method signature="b()[pri:0, instance:NewTest@2892dae4]" started-at="2023-01-21T15:33:19 IST" name="b" finished-at="2023-01-21T15:33:19 IST" duration-ms="14" status="PASS">
          <reporter-output>
          </reporter-output>
        </test-method> <!-- b -->
        <test-method signature="c()[pri:1, instance:NewTest@2892dae4]" started-at="2023-01-21T15:33:19 IST" name="c" finished-at="2023-01-21T15:33:19 IST" duration-ms="4" status="PASS">
          <reporter-output>
          </reporter-output>
        </test-method> <!-- c -->
      </class> <!-- NewTest -->
    </test> <!-- Default test -->
  </suite> <!-- Default suite -->
</testng-results>
